
                         Lattice Mapping Report File

Design:  lab2_wc
Family:  iCE40UP
Device:  iCE40UP5K
Package: SG48
Performance Grade:  High-Performance_1.2V

Mapper:    version Radiant Software (64-bit) 2024.2.0.3.0
Mapped on: Sun Sep  7 13:51:15 2025

Design Information
------------------

Command line:   map -pdc C:/Users/wchan/Documents/GitHub/e155Lab2/fpga/radiant_p
     roject/lab2_wc/pins.pdc -i lab2_wc_impl_1_syn.udb -o lab2_wc_impl_1_map.udb
     -mp lab2_wc_impl_1.mrp -hierrpt -gui -msgset C:/Users/wchan/Documents/GitHu
     b/e155Lab2/fpga/radiant_project/lab2_wc/promote.xml

Design Summary
--------------

   Number of slice registers:  19 out of  5280 (<1%)
   Number of I/O registers:      0 out of   117 (0%)
   Number of LUT4s:            40 out of  5280 (1%)
      Number of logic LUT4s:              20
      Number of ripple logic:             10 (20 LUT4s)
   Number of IO sites used:   22 out of 39 (56%)
      Number of IO sites used for general PIO: 22
      Number of IO sites used for I3C: 0 out of 2 (0%)
      (note: If I3C is not used, its site can be used as general PIO)
      Number of IO sites used for PIO+I3C: 22 out of 36 (61%)
      Number of IO sites used for OD+RGB IO buffers: 0 out of 3 (0%)
      (note: If RGB LED drivers are not used, sites can be used as OD outputs,
       see TN1288 iCE40 LED Driver Usage Guide)
      Number of IO sites used for PIO+I3C+OD+RGB: 22 out of 39 (56%)
   Number of DSPs:             0 out of 8 (0%)
   Number of I2Cs:             0 out of 2 (0%)
   Number of High Speed OSCs:  1 out of 1 (100%)
   Number of Low Speed OSCs:   0 out of 1 (0%)
   Number of RGB PWM:          0 out of 1 (0%)
   Number of RGB Drivers:      0 out of 1 (0%)
   Number of SCL FILTERs:      0 out of 2 (0%)
   Number of SRAMs:            0 out of 4 (0%)
   Number of WARMBOOTs:        0 out of 1 (0%)
   Number of SPIs:             0 out of 2 (0%)
   Number of EBRs:             0 out of 30 (0%)
   Number of PLLs:             0 out of 1 (0%)
   Number of Clocks:  1
      Net int_osc: 10 loads, 10 rising, 0 falling (Driver: Pin
     hf_osc.osc_inst/CLKHF)
   Number of Clock Enables:  1
      Net VCC_net: 1 loads, 0 SLICEs
   Number of LSRs:  0
   Top 10 highest fanout non-clock nets:
      Net select: 7 loads
      Net switch[0]: 7 loads
      Net switch[1]: 7 loads
      Net switch[2]: 7 loads
      Net switch[3]: 7 loads
      Net switch1_c_0: 4 loads

                                    Page 1





Design Summary (cont)
---------------------
      Net switch2_c_0: 4 loads
      Net switch1_c_1: 3 loads
      Net switch1_c_2: 3 loads
      Net switch1_c_3: 3 loads





   Number of warnings:  0
   Number of criticals: 0
   Number of errors:    0

Design Errors/Criticals/Warnings
--------------------------------

   No error, critical, or warning presents.

IO (PIO) Attributes
-------------------

+---------------------+-----------+-----------+-------+-------+-----------+
| IO Name             | Direction | Levelmode |  IO   |  IO   | Special   |
|                     |           |  IO_TYPE  |  REG  |  DDR  | IO Buffer |
+---------------------+-----------+-----------+-------+-------+-----------+
| switch2[0]          | INPUT     |           |       |       |           |
+---------------------+-----------+-----------+-------+-------+-----------+
| switch2[1]          | INPUT     |           |       |       |           |
+---------------------+-----------+-----------+-------+-------+-----------+
| switch2[2]          | INPUT     |           |       |       |           |
+---------------------+-----------+-----------+-------+-------+-----------+
| switch2[3]          | INPUT     |           |       |       |           |
+---------------------+-----------+-----------+-------+-------+-----------+
| switch1[0]          | INPUT     |           |       |       |           |
+---------------------+-----------+-----------+-------+-------+-----------+
| switch1[1]          | INPUT     |           |       |       |           |
+---------------------+-----------+-----------+-------+-------+-----------+
| switch1[2]          | INPUT     |           |       |       |           |
+---------------------+-----------+-----------+-------+-------+-----------+
| switch1[3]          | INPUT     |           |       |       |           |
+---------------------+-----------+-----------+-------+-------+-----------+
| anodes[0]           | OUTPUT    |           |       |       |           |
+---------------------+-----------+-----------+-------+-------+-----------+
| anodes[1]           | OUTPUT    |           |       |       |           |
+---------------------+-----------+-----------+-------+-------+-----------+
| leds[0]             | OUTPUT    |           |       |       |           |
+---------------------+-----------+-----------+-------+-------+-----------+
| leds[1]             | OUTPUT    |           |       |       |           |
+---------------------+-----------+-----------+-------+-------+-----------+
| leds[2]             | OUTPUT    |           |       |       |           |
+---------------------+-----------+-----------+-------+-------+-----------+
| leds[3]             | OUTPUT    |           |       |       |           |
+---------------------+-----------+-----------+-------+-------+-----------+
| leds[4]             | OUTPUT    |           |       |       |           |
+---------------------+-----------+-----------+-------+-------+-----------+
| seg_out[0]          | OUTPUT    |           |       |       |           |
+---------------------+-----------+-----------+-------+-------+-----------+
| seg_out[1]          | OUTPUT    |           |       |       |           |

                                    Page 2





IO (PIO) Attributes (cont)
--------------------------
+---------------------+-----------+-----------+-------+-------+-----------+
| seg_out[2]          | OUTPUT    |           |       |       |           |
+---------------------+-----------+-----------+-------+-------+-----------+
| seg_out[3]          | OUTPUT    |           |       |       |           |
+---------------------+-----------+-----------+-------+-------+-----------+
| seg_out[4]          | OUTPUT    |           |       |       |           |
+---------------------+-----------+-----------+-------+-------+-----------+
| seg_out[5]          | OUTPUT    |           |       |       |           |
+---------------------+-----------+-----------+-------+-------+-----------+
| seg_out[6]          | OUTPUT    |           |       |       |           |
+---------------------+-----------+-----------+-------+-------+-----------+

Removed logic
-------------

Block i1 was optimized away.

OSC Summary
-----------

OSC 1:                                 Pin/Node Value
  OSC Instance Name:                            hf_osc.osc_inst
  Power UP:                            NODE     VCC_net
  Enable Signal:                       NODE     VCC_net
  OSC Output:                          NODE     int_osc
  DIV Setting:                                  01

ASIC Components
---------------

Instance Name: hf_osc.osc_inst
         Type: HFOSC

Constraint Summary
------------------

   Total number of constraints: 23
   Total number of constraints dropped: 0

Run Time and Memory Usage
-------------------------

   Total CPU Time: 0 secs
   Total REAL Time: 0 secs
   Peak Memory Usage: 66 MB
Checksum -- map: e86b34b7f0e2c840c693a99bde81e7dc5254d18












                                    Page 3


Copyright (c) 1991-1994 by NeoCAD Inc. All rights reserved.
Copyright (c) 1995
     AT&T Corp.   All rights reserved.
Copyright (c) 1995-2001 Lucent
     Technologies Inc.  All rights reserved.
Copyright (c) 2001 Agere Systems
     All rights reserved.
Copyright (c) 2002-2024 Lattice Semiconductor
     Corporation,  All rights reserved.
